<?xml version="1.0" encoding="UTF-8"?>
<testng-results ignored="0" total="1" passed="1" failed="0" skipped="0">
  <reporter-output>
  </reporter-output>
  <suite started-at="2023-10-03T21:07:59 IST" name="Suite" finished-at="2023-10-03T21:08:22 IST" duration-ms="23034">
    <groups>
    </groups>
    <test started-at="2023-10-03T21:07:59 IST" name="master" finished-at="2023-10-03T21:08:22 IST" duration-ms="23034">
      <class name="testCases.TC_001_Login">
        <test-method is-config="true" signature="setup()[pri:0, instance:testCases.TC_001_Login@36bc55de]" started-at="2023-10-03T21:07:59 IST" name="setup" finished-at="2023-10-03T21:08:20 IST" duration-ms="20873" status="PASS">
          <reporter-output>
          </reporter-output>
        </test-method> <!-- setup -->
        <test-method signature="test_login()[pri:0, instance:testCases.TC_001_Login@36bc55de]" started-at="2023-10-03T21:08:20 IST" name="test_login" finished-at="2023-10-03T21:08:21 IST" duration-ms="1827" status="PASS">
          <reporter-output>
          </reporter-output>
        </test-method> <!-- test_login -->
        <test-method is-config="true" signature="tearDown()[pri:0, instance:testCases.TC_001_Login@36bc55de]" started-at="2023-10-03T21:08:21 IST" name="tearDown" finished-at="2023-10-03T21:08:22 IST" duration-ms="275" status="PASS">
          <reporter-output>
          </reporter-output>
        </test-method> <!-- tearDown -->
      </class> <!-- testCases.TC_001_Login -->
    </test> <!-- master -->
  </suite> <!-- Suite -->
</testng-results>
