<?xml version="1.0" encoding="UTF-8"?>
<testng-results ignored="0" total="1" passed="1" failed="0" skipped="0">
  <reporter-output>
  </reporter-output>
  <suite started-at="2023-10-03T21:00:46 IST" name="Suite" finished-at="2023-10-03T21:00:59 IST" duration-ms="12913">
    <groups>
    </groups>
    <test started-at="2023-10-03T21:00:46 IST" name="master" finished-at="2023-10-03T21:00:59 IST" duration-ms="12913">
      <class name="testCases.TC_001_Login">
        <test-method is-config="true" signature="setup()[pri:0, instance:testCases.TC_001_Login@6f03482]" started-at="2023-10-03T21:00:46 IST" name="setup" finished-at="2023-10-03T21:00:57 IST" duration-ms="10825" status="PASS">
          <reporter-output>
          </reporter-output>
        </test-method> <!-- setup -->
        <test-method signature="test_login()[pri:0, instance:testCases.TC_001_Login@6f03482]" started-at="2023-10-03T21:00:57 IST" name="test_login" finished-at="2023-10-03T21:00:58 IST" duration-ms="1613" status="PASS">
          <reporter-output>
          </reporter-output>
        </test-method> <!-- test_login -->
        <test-method is-config="true" signature="tearDown()[pri:0, instance:testCases.TC_001_Login@6f03482]" started-at="2023-10-03T21:00:58 IST" name="tearDown" finished-at="2023-10-03T21:00:59 IST" duration-ms="380" status="PASS">
          <reporter-output>
          </reporter-output>
        </test-method> <!-- tearDown -->
      </class> <!-- testCases.TC_001_Login -->
    </test> <!-- master -->
  </suite> <!-- Suite -->
</testng-results>
